This file contains any messages produced by compilers while
running configure, to aid debugging if configure makes a mistake.

It was created by configure, which was
generated by GNU Autoconf 2.61.  Invocation command line was

  $ ./configure --without-python --disable-dependency-tracking --disable-shared --prefix=/Users/koos/Desktop/routes2gtfs/lxml-2.2.2/build/tmp/libxml2

## --------- ##
## Platform. ##
## --------- ##

hostname = Jans-MacBook-Pro.local
uname -m = x86_64
uname -r = 12.1.0
uname -s = Darwin
uname -v = Darwin Kernel Version 12.1.0: Tue Aug 14 13:29:55 PDT 2012; root:xnu-2050.9.2~1/RELEASE_X86_64

/usr/bin/uname -p = i386
/bin/uname -X     = unknown

/bin/arch              = unknown
/usr/bin/arch -k       = unknown
/usr/convex/getsysinfo = unknown
/usr/bin/hostinfo      = Mach kernel version:
	 Darwin Kernel Version 12.1.0: Tue Aug 14 13:29:55 PDT 2012; root:xnu-2050.9.2~1/RELEASE_X86_64
Kernel configured for up to 4 processors.
2 processors are physically available.
4 processors are logically available.
Processor type: i486 (Intel 80486)
Processors active: 0 1 2 3
Primary memory available: 8.00 gigabytes
Default processor set: 216 tasks, 1173 threads, 4 processors
Load average: 2.73, Mach factor: 1.53
/bin/machine           = unknown
/usr/bin/oslevel       = unknown
/bin/universe          = unknown

PATH: /Users/koos/.rvm/gems/ruby-1.9.3-p194/bin
PATH: /Users/koos/.rvm/gems/ruby-1.9.3-p194@global/bin
PATH: /Users/koos/.rvm/rubies/ruby-1.9.3-p194/bin
PATH: /Users/koos/.rvm/bin
PATH: /usr/local/bin
PATH: /usr/bin
PATH: /bin
PATH: /usr/sbin
PATH: /sbin
PATH: /usr/X11/bin
PATH: /Users/koos/Desktop/android-sdk-mac_x86/platform-tools
PATH: /Users/koos/Desktop/android-sdk-mac_x86/tools
PATH: /usr/local/Trolltech/Qt-4.7.3/bin
PATH: /Users/koos/.rvm/bin


## ----------- ##
## Core tests. ##
## ----------- ##

configure:2117: checking build system type
configure:2135: result: i386-apple-darwin12.1.0
configure:2157: checking host system type
configure:2172: result: i386-apple-darwin12.1.0
configure:2245: checking for a BSD-compatible install
configure:2301: result: /usr/bin/install -c
configure:2312: checking whether build environment is sane
configure:2355: result: yes
configure:2383: checking for a thread-safe mkdir -p
configure:2422: result: ./install-sh -c -d
configure:2435: checking for gawk
configure:2465: result: no
configure:2435: checking for mawk
configure:2465: result: no
configure:2435: checking for nawk
configure:2465: result: no
configure:2435: checking for awk
configure:2451: found /usr/bin/awk
configure:2462: result: awk
configure:2473: checking whether make sets $(MAKE)
configure:2494: result: yes
configure:2731: checking for gcc
configure:2747: found /usr/bin/gcc
configure:2758: result: gcc
configure:2996: checking for C compiler version
configure:3003: gcc --version >&5
i686-apple-darwin11-llvm-gcc-4.2 (GCC) 4.2.1 (Based on Apple Inc. build 5658) (LLVM build 2336.11.00)
Copyright (C) 2007 Free Software Foundation, Inc.
This is free software; see the source for copying conditions.  There is NO
warranty; not even for MERCHANTABILITY or FITNESS FOR A PARTICULAR PURPOSE.

configure:3006: $? = 0
configure:3013: gcc -v >&5
Using built-in specs.
Target: i686-apple-darwin11
Configured with: /private/var/tmp/llvmgcc42/llvmgcc42-2336.11~28/src/configure --disable-checking --enable-werror --prefix=/Applications/Xcode.app/Contents/Developer/usr/llvm-gcc-4.2 --mandir=/share/man --enable-languages=c,objc,c++,obj-c++ --program-prefix=llvm- --program-transform-name=/^[cg][^.-]*$/s/$/-4.2/ --with-slibdir=/usr/lib --build=i686-apple-darwin11 --enable-llvm=/private/var/tmp/llvmgcc42/llvmgcc42-2336.11~28/dst-llvmCore/Developer/usr/local --program-prefix=i686-apple-darwin11- --host=x86_64-apple-darwin11 --target=i686-apple-darwin11 --with-gxx-include-dir=/usr/include/c++/4.2.1
Thread model: posix
gcc version 4.2.1 (Based on Apple Inc. build 5658) (LLVM build 2336.11.00)
configure:3016: $? = 0
configure:3023: gcc -V >&5
llvm-gcc-4.2: argument to `-V' is missing
configure:3026: $? = 1
configure:3049: checking for C compiler default output file name
configure:3076: gcc -arch ppc -arch i386 -isysroot /Developer/SDKs/MacOSX10.4u.sdk -O2  -arch ppc -arch i386 -isysroot /Developer/SDKs/MacOSX10.4u.sdk conftest.c  >&5
llvm-gcc-4.2: error trying to exec '/usr/bin/../llvm-gcc-4.2/bin/powerpc-apple-darwin11-llvm-gcc-4.2': execvp: No such file or directory
lipo: can't figure out the architecture type of: /var/folders/kd/sygmqyvs0bsdbz915dd8vbl40000gn/T//cc9copQS.out
configure:3079: $? = 255
configure:3117: result: 
configure: failed program was:
| /* confdefs.h.  */
| #define PACKAGE_NAME ""
| #define PACKAGE_TARNAME ""
| #define PACKAGE_VERSION ""
| #define PACKAGE_STRING ""
| #define PACKAGE_BUGREPORT ""
| #define PACKAGE "libxml2"
| #define VERSION "2.7.3"
| /* end confdefs.h.  */
| 
| int
| main ()
| {
| 
|   ;
|   return 0;
| }
configure:3124: error: C compiler cannot create executables
See `config.log' for more details.

## ---------------- ##
## Cache variables. ##
## ---------------- ##

ac_cv_build=i386-apple-darwin12.1.0
ac_cv_env_CCC_set=
ac_cv_env_CCC_value=
ac_cv_env_CC_set=
ac_cv_env_CC_value=
ac_cv_env_CFLAGS_set=set
ac_cv_env_CFLAGS_value='-arch ppc -arch i386 -isysroot /Developer/SDKs/MacOSX10.4u.sdk -O2'
ac_cv_env_CPPFLAGS_set=
ac_cv_env_CPPFLAGS_value=
ac_cv_env_CPP_set=
ac_cv_env_CPP_value=
ac_cv_env_CXXCPP_set=
ac_cv_env_CXXCPP_value=
ac_cv_env_CXXFLAGS_set=
ac_cv_env_CXXFLAGS_value=
ac_cv_env_CXX_set=
ac_cv_env_CXX_value=
ac_cv_env_F77_set=
ac_cv_env_F77_value=
ac_cv_env_FFLAGS_set=
ac_cv_env_FFLAGS_value=
ac_cv_env_LDFLAGS_set=set
ac_cv_env_LDFLAGS_value='-arch ppc -arch i386 -isysroot /Developer/SDKs/MacOSX10.4u.sdk'
ac_cv_env_LIBS_set=
ac_cv_env_LIBS_value=
ac_cv_env_build_alias_set=
ac_cv_env_build_alias_value=
ac_cv_env_host_alias_set=
ac_cv_env_host_alias_value=
ac_cv_env_target_alias_set=
ac_cv_env_target_alias_value=
ac_cv_host=i386-apple-darwin12.1.0
ac_cv_path_install='/usr/bin/install -c'
ac_cv_prog_AWK=awk
ac_cv_prog_ac_ct_CC=gcc
ac_cv_prog_make_make_set=yes

## ----------------- ##
## Output variables. ##
## ----------------- ##

ACLOCAL='${SHELL} /Users/koos/Desktop/routes2gtfs/lxml-2.2.2/build/tmp/libxml2-2.7.3/missing --run aclocal-1.10'
AMDEPBACKSLASH=''
AMDEP_FALSE=''
AMDEP_TRUE=''
AMTAR='${SHELL} /Users/koos/Desktop/routes2gtfs/lxml-2.2.2/build/tmp/libxml2-2.7.3/missing --run tar'
ANSI2KNR=''
AR=''
AS=''
AUTOCONF='${SHELL} /Users/koos/Desktop/routes2gtfs/lxml-2.2.2/build/tmp/libxml2-2.7.3/missing --run autoconf'
AUTOHEADER='${SHELL} /Users/koos/Desktop/routes2gtfs/lxml-2.2.2/build/tmp/libxml2-2.7.3/missing --run autoheader'
AUTOMAKE='${SHELL} /Users/koos/Desktop/routes2gtfs/lxml-2.2.2/build/tmp/libxml2-2.7.3/missing --run automake-1.10'
AWK='awk'
BASE_THREAD_LIBS=''
C14N_OBJ=''
CATALOG_OBJ=''
CC='gcc'
CCDEPMODE=''
CFLAGS='-arch ppc -arch i386 -isysroot /Developer/SDKs/MacOSX10.4u.sdk -O2'
CPP=''
CPPFLAGS=''
CXX=''
CXXCPP=''
CXXDEPMODE=''
CXXFLAGS=''
CYGPATH_W='echo'
CYGWIN_EXTRA_LDFLAGS=''
CYGWIN_EXTRA_PYTHON_LIBADD=''
DEBUG_OBJ=''
DEFS=''
DEPDIR=''
DLLTOOL=''
DOCB_OBJ=''
ECHO='/bin/echo'
ECHO_C='ECHO_N=''
ECHO_T=''
EGREP=''
EXEEXT=''
F77=''
FFLAGS=''
FTP_OBJ=''
GREP=''
HAVE_ISINF=''
HAVE_ISNAN=''
HTML_DIR=''
HTML_OBJ=''
HTTP_OBJ=''
ICONV_LIBS=''
INSTALL_DATA='${INSTALL} -m 644'
INSTALL_PROGRAM='${INSTALL}'
INSTALL_SCRIPT='${INSTALL}'
INSTALL_STRIP_PROGRAM='$(install_sh) -c -s'
LDFLAGS='-arch ppc -arch i386 -isysroot /Developer/SDKs/MacOSX10.4u.sdk'
LIBOBJS=''
LIBS=''
LIBTOOL=''
LIBXML_MAJOR_VERSION='2'
LIBXML_MICRO_VERSION='3'
LIBXML_MINOR_VERSION='7'
LIBXML_VERSION='2.7.3'
LIBXML_VERSION_EXTRA=''
LIBXML_VERSION_INFO='9:3:7'
LIBXML_VERSION_NUMBER='20703'
LN_S=''
LTLIBOBJS=''
MAKEINFO='${SHELL} /Users/koos/Desktop/routes2gtfs/lxml-2.2.2/build/tmp/libxml2-2.7.3/missing --run makeinfo'
MODULE_EXTENSION=''
MODULE_PLATFORM_LIBS=''
MV=''
M_LIBS=''
OBJDUMP=''
OBJEXT=''
PACKAGE='libxml2'
PACKAGE_BUGREPORT=''
PACKAGE_NAME=''
PACKAGE_STRING=''
PACKAGE_TARNAME=''
PACKAGE_VERSION=''
PATH_SEPARATOR=':'
PERL=''
PYTHON=''
PYTHON_INCLUDES=''
PYTHON_SITE_PACKAGES=''
PYTHON_SUBDIR=''
PYTHON_TESTS=''
PYTHON_VERSION=''
RANLIB=''
RDL_LIBS=''
READER_TEST=''
REBUILD_DOCS_FALSE=''
REBUILD_DOCS_TRUE=''
RELDATE=''
RM=''
SED=''
SET_MAKE=''
SHELL='/bin/sh'
STATIC_BINARIES=''
STRIP=''
TAR=''
TEST_C14N=''
TEST_CATALOG=''
TEST_DEBUG=''
TEST_HTML=''
TEST_MODULES=''
TEST_PATTERN=''
TEST_PHTML=''
TEST_PUSH=''
TEST_REGEXPS=''
TEST_SAX=''
TEST_SCHEMAS=''
TEST_SCHEMATRON=''
TEST_THREADS=''
TEST_VALID=''
TEST_VTIME=''
TEST_XINCLUDE=''
TEST_XPATH=''
TEST_XPTR=''
THREADS_W32=''
THREAD_CFLAGS=''
THREAD_LIBS=''
U=''
VERSION='2.7.3'
WGET=''
WIN32_EXTRA_LDFLAGS=''
WIN32_EXTRA_LIBADD=''
WITH_C14N=''
WITH_CATALOG=''
WITH_DEBUG=''
WITH_DOCB=''
WITH_FTP=''
WITH_HTML=''
WITH_HTTP=''
WITH_ICONV=''
WITH_ISO8859X=''
WITH_LEGACY=''
WITH_MEM_DEBUG=''
WITH_MODULES=''
WITH_OUTPUT=''
WITH_PATTERN=''
WITH_PUSH=''
WITH_PYTHON_FALSE=''
WITH_PYTHON_TRUE=''
WITH_READER=''
WITH_REGEXPS=''
WITH_RUN_DEBUG=''
WITH_SAX1=''
WITH_SCHEMAS=''
WITH_SCHEMATRON=''
WITH_THREADS=''
WITH_TREE=''
WITH_TRIO=''
WITH_TRIO_SOURCES_FALSE=''
WITH_TRIO_SOURCES_TRUE=''
WITH_VALID=''
WITH_WRITER=''
WITH_XINCLUDE=''
WITH_XPATH=''
WITH_XPTR=''
WITH_ZLIB=''
XINCLUDE_OBJ=''
XMLLINT=''
XML_CFLAGS=''
XML_INCLUDEDIR=''
XML_LIBDIR=''
XML_LIBS=''
XML_LIBTOOLLIBS=''
XPATH_OBJ=''
XPTR_OBJ=''
XSLTPROC=''
Z_CFLAGS=''
Z_LIBS=''
ac_ct_CC='gcc'
ac_ct_CXX=''
ac_ct_F77=''
am__fastdepCC_FALSE=''
am__fastdepCC_TRUE=''
am__fastdepCXX_FALSE=''
am__fastdepCXX_TRUE=''
am__include=''
am__isrc=''
am__leading_dot='.'
am__quote=''
am__tar='${AMTAR} chof - "$$tardir"'
am__untar='${AMTAR} xf -'
bindir='${exec_prefix}/bin'
build='i386-apple-darwin12.1.0'
build_alias=''
build_cpu='i386'
build_os='darwin12.1.0'
build_vendor='apple'
datadir='${datarootdir}'
datarootdir='${prefix}/share'
docdir='${datarootdir}/doc/${PACKAGE}'
dvidir='${docdir}'
exec_prefix='NONE'
host='i386-apple-darwin12.1.0'
host_alias=''
host_cpu='i386'
host_os='darwin12.1.0'
host_vendor='apple'
htmldir='${docdir}'
includedir='${prefix}/include'
infodir='${datarootdir}/info'
install_sh='$(SHELL) /Users/koos/Desktop/routes2gtfs/lxml-2.2.2/build/tmp/libxml2-2.7.3/install-sh'
libdir='${exec_prefix}/lib'
libexecdir='${exec_prefix}/libexec'
localedir='${datarootdir}/locale'
localstatedir='${prefix}/var'
mandir='${datarootdir}/man'
mkdir_p='$(top_builddir)/./install-sh -c -d'
oldincludedir='/usr/include'
pdfdir='${docdir}'
prefix='/Users/koos/Desktop/routes2gtfs/lxml-2.2.2/build/tmp/libxml2'
program_transform_name='s,x,x,'
psdir='${docdir}'
pythondir=''
sbindir='${exec_prefix}/sbin'
sharedstatedir='${prefix}/com'
sysconfdir='${prefix}/etc'
target_alias=''

## ----------- ##
## confdefs.h. ##
## ----------- ##

#define PACKAGE_NAME ""
#define PACKAGE_TARNAME ""
#define PACKAGE_VERSION ""
#define PACKAGE_STRING ""
#define PACKAGE_BUGREPORT ""
#define PACKAGE "libxml2"
#define VERSION "2.7.3"

configure: exit 77
